Determining if the pthread_create exist failed with the following output:
Change Dir: /home/zyh/ndvp/build/CMakeFiles/CMakeTmp

Run Build Command:"/usr/bin/make" "cmTC_52126/fast"
make[1]: Entering directory '/home/zyh/ndvp/build/CMakeFiles/CMakeTmp'
/usr/bin/make -f CMakeFiles/cmTC_52126.dir/build.make CMakeFiles/cmTC_52126.dir/build
make[2]: Entering directory '/home/zyh/ndvp/build/CMakeFiles/CMakeTmp'
Building C object CMakeFiles/cmTC_52126.dir/CheckSymbolExists.c.o
/usr/bin/gcc    -o CMakeFiles/cmTC_52126.dir/CheckSymbolExists.c.o   -c /home/zyh/ndvp/build/CMakeFiles/CMakeTmp/CheckSymbolExists.c
Linking C executable cmTC_52126
/usr/bin/cmake -E cmake_link_script CMakeFiles/cmTC_52126.dir/link.txt --verbose=1
/usr/bin/gcc      CMakeFiles/cmTC_52126.dir/CheckSymbolExists.c.o  -o cmTC_52126 
CMakeFiles/cmTC_52126.dir/CheckSymbolExists.c.o: In function `main':
CheckSymbolExists.c:(.text+0x1b): undefined reference to `pthread_create'
collect2: error: ld returned 1 exit status
CMakeFiles/cmTC_52126.dir/build.make:97: recipe for target 'cmTC_52126' failed
make[2]: *** [cmTC_52126] Error 1
make[2]: Leaving directory '/home/zyh/ndvp/build/CMakeFiles/CMakeTmp'
Makefile:126: recipe for target 'cmTC_52126/fast' failed
make[1]: *** [cmTC_52126/fast] Error 2
make[1]: Leaving directory '/home/zyh/ndvp/build/CMakeFiles/CMakeTmp'

File /home/zyh/ndvp/build/CMakeFiles/CMakeTmp/CheckSymbolExists.c:
/* */
#include <pthread.h>

int main(int argc, char** argv)
{
  (void)argv;
#ifndef pthread_create
  return ((int*)(&pthread_create))[argc];
#else
  (void)argc;
  return 0;
#endif
}

Determining if the function pthread_create exists in the pthreads failed with the following output:
Change Dir: /home/zyh/ndvp/build/CMakeFiles/CMakeTmp

Run Build Command:"/usr/bin/make" "cmTC_e3563/fast"
make[1]: Entering directory '/home/zyh/ndvp/build/CMakeFiles/CMakeTmp'
/usr/bin/make -f CMakeFiles/cmTC_e3563.dir/build.make CMakeFiles/cmTC_e3563.dir/build
make[2]: Entering directory '/home/zyh/ndvp/build/CMakeFiles/CMakeTmp'
Building C object CMakeFiles/cmTC_e3563.dir/CheckFunctionExists.c.o
/usr/bin/gcc   -DCHECK_FUNCTION_EXISTS=pthread_create   -o CMakeFiles/cmTC_e3563.dir/CheckFunctionExists.c.o   -c /usr/share/cmake-3.10/Modules/CheckFunctionExists.c
Linking C executable cmTC_e3563
/usr/bin/cmake -E cmake_link_script CMakeFiles/cmTC_e3563.dir/link.txt --verbose=1
/usr/bin/gcc  -DCHECK_FUNCTION_EXISTS=pthread_create    CMakeFiles/cmTC_e3563.dir/CheckFunctionExists.c.o  -o cmTC_e3563 -lpthreads 
/usr/bin/ld: cannot find -lpthreads
collect2: error: ld returned 1 exit status
CMakeFiles/cmTC_e3563.dir/build.make:97: recipe for target 'cmTC_e3563' failed
make[2]: *** [cmTC_e3563] Error 1
make[2]: Leaving directory '/home/zyh/ndvp/build/CMakeFiles/CMakeTmp'
Makefile:126: recipe for target 'cmTC_e3563/fast' failed
make[1]: *** [cmTC_e3563/fast] Error 2
make[1]: Leaving directory '/home/zyh/ndvp/build/CMakeFiles/CMakeTmp'


